app/build/intermediates/manifest_merge_blame_file/debug/manifest-merger-blame-debug-report.txt
1<?xml version="1.0" encoding="utf-8"?>
2<manifest xmlns:android="http://schemas.android.com/apk/res/android"
3    package="com.mmcoe.pacem"
4    android:versionCode="1"
5    android:versionName="1.0" >
6
7    <uses-sdk
8        android:minSdkVersion="26"
8-->src\main\AndroidManifest.xml
9        android:targetSdkVersion="29" />
9-->src\main\AndroidManifest.xml
10
11    <!-- Although the *SdkVersion is captured in gradle build files, this is required for non gradle builds -->
12    <!-- <uses-sdk android:minSdkVersion="14" /> -->
13    <uses-permission android:name="android.permission.ACCESS_NETWORK_STATE" />
13-->[com.google.firebase:firebase-firestore:21.4.0] AndroidManifest.xml:13:5-79
13-->[com.google.firebase:firebase-firestore:21.4.0] AndroidManifest.xml:13:22-76
14    <uses-permission android:name="android.permission.INTERNET" />
14-->[com.google.firebase:firebase-firestore:21.4.0] AndroidManifest.xml:14:5-67
14-->[com.google.firebase:firebase-firestore:21.4.0] AndroidManifest.xml:14:22-64
15
16    <application
16-->src\main\AndroidManifest.xml:5:5-41:19
17        android:name="com.mmcoe.pacem.AppNotification"
17-->src\main\AndroidManifest.xml:6:9-40
18        android:allowBackup="true"
18-->src\main\AndroidManifest.xml:7:9-35
19        android:appComponentFactory="androidx.core.app.CoreComponentFactory"
19-->[androidx.core:core:1.1.0] AndroidManifest.xml:24:18-86
20        android:debuggable="true"
21        android:extractNativeLibs="false"
22        android:icon="@mipmap/ic_launcher"
22-->src\main\AndroidManifest.xml:8:9-43
23        android:label="@string/app_name"
23-->src\main\AndroidManifest.xml:9:9-41
24        android:roundIcon="@mipmap/ic_launcher_round"
24-->src\main\AndroidManifest.xml:10:9-54
25        android:supportsRtl="true"
25-->src\main\AndroidManifest.xml:11:9-35
26        android:testOnly="true"
27        android:theme="@style/AppTheme" >
27-->src\main\AndroidManifest.xml:12:9-40
28        <activity android:name="com.mmcoe.pacem.DoctorLogin" />
28-->src\main\AndroidManifest.xml:13:9-58
28-->src\main\AndroidManifest.xml:13:19-46
29        <activity
29-->src\main\AndroidManifest.xml:14:9-17:59
30            android:name="com.mmcoe.pacem.DashboardActivity"
30-->src\main\AndroidManifest.xml:15:13-46
31            android:label="@string/title_activity_dashboard"
31-->src\main\AndroidManifest.xml:16:13-61
32            android:theme="@style/AppTheme.NoActionBar" />
32-->src\main\AndroidManifest.xml:17:13-56
33        <activity
33-->src\main\AndroidManifest.xml:18:9-26:20
34            android:name="com.mmcoe.pacem.splash"
34-->src\main\AndroidManifest.xml:19:13-35
35            android:theme="@style/AppTheme.NoActionBar" >
35-->src\main\AndroidManifest.xml:20:13-56
36            <intent-filter>
36-->src\main\AndroidManifest.xml:21:13-25:29
37                <action android:name="android.intent.action.MAIN" />
37-->src\main\AndroidManifest.xml:22:17-69
37-->src\main\AndroidManifest.xml:22:25-66
38
39                <category android:name="android.intent.category.LAUNCHER" />
39-->src\main\AndroidManifest.xml:24:17-77
39-->src\main\AndroidManifest.xml:24:27-74
40            </intent-filter>
41        </activity>
42        <activity
42-->src\main\AndroidManifest.xml:27:9-35:20
43            android:name="com.mmcoe.pacem.MainActivity"
43-->src\main\AndroidManifest.xml:28:13-41
44            android:theme="@style/AppTheme.NoActionBar" >
44-->src\main\AndroidManifest.xml:29:13-56
45            <intent-filter>
45-->src\main\AndroidManifest.xml:21:13-25:29
46                <action android:name="android.intent.action.MAIN" />
46-->src\main\AndroidManifest.xml:22:17-69
46-->src\main\AndroidManifest.xml:22:25-66
47
48                <category android:name="android.intent.category.LAUNCHER" />
48-->src\main\AndroidManifest.xml:24:17-77
48-->src\main\AndroidManifest.xml:24:27-74
49            </intent-filter>
50        </activity>
51
52        <service
52-->src\main\AndroidManifest.xml:37:9-40:40
53            android:name="com.mmcoe.pacem.DateChangeService"
53-->src\main\AndroidManifest.xml:38:13-46
54            android:enabled="true"
54-->src\main\AndroidManifest.xml:39:13-35
55            android:exported="false" />
55-->src\main\AndroidManifest.xml:40:13-37
56
57        <activity
57-->[com.google.firebase:firebase-auth:19.2.0] AndroidManifest.xml:24:9-31:50
58            android:name="com.google.firebase.auth.internal.FederatedSignInActivity"
58-->[com.google.firebase:firebase-auth:19.2.0] AndroidManifest.xml:25:13-85
59            android:excludeFromRecents="true"
59-->[com.google.firebase:firebase-auth:19.2.0] AndroidManifest.xml:26:13-46
60            android:exported="true"
60-->[com.google.firebase:firebase-auth:19.2.0] AndroidManifest.xml:27:13-36
61            android:launchMode="singleTask"
61-->[com.google.firebase:firebase-auth:19.2.0] AndroidManifest.xml:28:13-44
62            android:permission="com.google.firebase.auth.api.gms.permission.LAUNCH_FEDERATED_SIGN_IN"
62-->[com.google.firebase:firebase-auth:19.2.0] AndroidManifest.xml:29:13-102
63            android:theme="@android:style/Theme.Translucent.NoTitleBar" />
63-->[com.google.firebase:firebase-auth:19.2.0] AndroidManifest.xml:30:13-72
64
65        <service
65-->[com.google.firebase:firebase-auth:19.2.0] AndroidManifest.xml:33:9-39:19
66            android:name="com.google.firebase.components.ComponentDiscoveryService"
66-->[com.google.firebase:firebase-auth:19.2.0] AndroidManifest.xml:34:13-84
67            android:directBootAware="true"
67-->[com.google.firebase:firebase-common:19.3.0] AndroidManifest.xml:34:13-43
68            android:exported="false" >
68-->[com.google.firebase:firebase-auth:19.2.0] AndroidManifest.xml:35:13-37
69            <meta-data
69-->[com.google.firebase:firebase-auth:19.2.0] AndroidManifest.xml:36:13-38:85
70                android:name="com.google.firebase.components:com.google.firebase.auth.FirebaseAuthRegistrar"
70-->[com.google.firebase:firebase-auth:19.2.0] AndroidManifest.xml:37:17-109
71                android:value="com.google.firebase.components.ComponentRegistrar" />
71-->[com.google.firebase:firebase-auth:19.2.0] AndroidManifest.xml:38:17-82
72            <meta-data
72-->[com.google.firebase:firebase-firestore:21.4.0] AndroidManifest.xml:20:13-22:85
73                android:name="com.google.firebase.components:com.google.firebase.firestore.FirestoreRegistrar"
73-->[com.google.firebase:firebase-firestore:21.4.0] AndroidManifest.xml:21:17-111
74                android:value="com.google.firebase.components.ComponentRegistrar" />
74-->[com.google.firebase:firebase-firestore:21.4.0] AndroidManifest.xml:22:17-82
75        </service>
76
77        <activity
77-->[com.google.android.gms:play-services-base:17.1.0] AndroidManifest.xml:23:9-26:75
78            android:name="com.google.android.gms.common.api.GoogleApiActivity"
78-->[com.google.android.gms:play-services-base:17.1.0] AndroidManifest.xml:24:13-79
79            android:exported="false"
79-->[com.google.android.gms:play-services-base:17.1.0] AndroidManifest.xml:25:13-37
80            android:theme="@android:style/Theme.Translucent.NoTitleBar" />
80-->[com.google.android.gms:play-services-base:17.1.0] AndroidManifest.xml:26:13-72
81
82        <provider
82-->[com.google.firebase:firebase-common:19.3.0] AndroidManifest.xml:26:9-30:39
83            android:name="com.google.firebase.provider.FirebaseInitProvider"
83-->[com.google.firebase:firebase-common:19.3.0] AndroidManifest.xml:27:13-77
84            android:authorities="com.mmcoe.pacem.firebaseinitprovider"
84-->[com.google.firebase:firebase-common:19.3.0] AndroidManifest.xml:28:13-72
85            android:exported="false"
85-->[com.google.firebase:firebase-common:19.3.0] AndroidManifest.xml:29:13-37
86            android:initOrder="100" />
86-->[com.google.firebase:firebase-common:19.3.0] AndroidManifest.xml:30:13-36
87
88        <meta-data
88-->[com.google.android.gms:play-services-basement:17.0.0] AndroidManifest.xml:23:9-25:69
89            android:name="com.google.android.gms.version"
89-->[com.google.android.gms:play-services-basement:17.0.0] AndroidManifest.xml:24:13-58
90            android:value="@integer/google_play_services_version" />
90-->[com.google.android.gms:play-services-basement:17.0.0] AndroidManifest.xml:25:13-66
91
92        <provider
92-->[androidx.lifecycle:lifecycle-process:2.2.0] AndroidManifest.xml:25:9-29:43
93            android:name="androidx.lifecycle.ProcessLifecycleOwnerInitializer"
93-->[androidx.lifecycle:lifecycle-process:2.2.0] AndroidManifest.xml:26:13-79
94            android:authorities="com.mmcoe.pacem.lifecycle-process"
94-->[androidx.lifecycle:lifecycle-process:2.2.0] AndroidManifest.xml:27:13-69
95            android:exported="false"
95-->[androidx.lifecycle:lifecycle-process:2.2.0] AndroidManifest.xml:28:13-37
96            android:multiprocess="true" />
96-->[androidx.lifecycle:lifecycle-process:2.2.0] AndroidManifest.xml:29:13-40
97    </application>
98
99</manifest>